2017-07-20 11:15:25,349 [Worker-16] INFO  o.e.m.c.i.p.ProjectConfigurationManager - Collecting project info '/pom.xml' C:\Users\niels\Desktop\ipass_heroku\schoonmaakapp\pom.xml
2017-07-20 11:15:26,515 [Worker-16] INFO  o.e.m.c.i.l.LifecycleMappingFactory - Using org.eclipse.m2e.jdt.JarLifecycleMapping lifecycle mapping for MavenProject: nl.hu.ipass:schoonmaakapp:0.0.1-SNAPSHOT @ C:\Users\niels\Desktop\ipass_heroku\schoonmaakapp\pom.xml.
2017-07-20 11:15:27,574 [Worker-16] INFO  o.e.m.j.i.AbstractJavaProjectConfigurator - Adding source folder /schoonmaakapp/src/main/java
2017-07-20 11:15:27,584 [Worker-16] INFO  o.e.m.j.i.AbstractJavaProjectConfigurator - Adding source folder /schoonmaakapp/src/test/java
2017-07-20 11:15:28,269 [Worker-16] INFO  o.e.m.c.i.p.ProjectConfigurationManager - Imported and configured 1 project(s) in 2 sec
2017-07-20 11:15:29,029 [Worker-14] INFO  o.e.m.c.i.embedder.EclipseLogger - Using 'UTF-8' encoding to copy filtered resources.
2017-07-20 11:15:29,030 [Worker-14] INFO  o.e.m.c.i.embedder.EclipseLogger - skip non existing resourceDirectory C:\Users\niels\Desktop\ipass_heroku\schoonmaakapp\src\main\resources
2017-07-20 11:15:29,032 [Worker-14] INFO  o.e.m.c.i.embedder.EclipseLogger - Using 'UTF-8' encoding to copy filtered resources.
2017-07-20 11:15:29,032 [Worker-14] INFO  o.e.m.c.i.embedder.EclipseLogger - skip non existing resourceDirectory C:\Users\niels\Desktop\ipass_heroku\schoonmaakapp\src\test\resources
2017-07-20 11:17:17,888 [Worker-16] INFO  o.e.m.c.i.embedder.EclipseLogger - Using 'UTF-8' encoding to copy filtered resources.
2017-07-20 11:17:17,888 [Worker-16] INFO  o.e.m.c.i.embedder.EclipseLogger - skip non existing resourceDirectory C:\Users\niels\Desktop\ipass_heroku\schoonmaakapp\src\main\resources
2017-07-20 11:17:17,889 [Worker-16] INFO  o.e.m.c.i.embedder.EclipseLogger - Using 'UTF-8' encoding to copy filtered resources.
2017-07-20 11:17:17,889 [Worker-16] INFO  o.e.m.c.i.embedder.EclipseLogger - skip non existing resourceDirectory C:\Users\niels\Desktop\ipass_heroku\schoonmaakapp\src\test\resources
2017-07-20 11:18:25,106 [Worker-11] INFO  o.e.m.c.i.embedder.EclipseLogger - Using 'UTF-8' encoding to copy filtered resources.
2017-07-20 11:18:25,107 [Worker-11] INFO  o.e.m.c.i.embedder.EclipseLogger - skip non existing resourceDirectory C:\Users\niels\Desktop\ipass_heroku\schoonmaakapp\src\main\resources
2017-07-20 11:18:25,109 [Worker-11] INFO  o.e.m.c.i.embedder.EclipseLogger - Using 'UTF-8' encoding to copy filtered resources.
2017-07-20 11:18:25,115 [Worker-11] INFO  o.e.m.c.i.embedder.EclipseLogger - skip non existing resourceDirectory C:\Users\niels\Desktop\ipass_heroku\schoonmaakapp\src\test\resources
2017-07-20 11:19:17,573 [Worker-14] INFO  o.e.m.c.i.embedder.EclipseLogger - Using 'UTF-8' encoding to copy filtered resources.
2017-07-20 11:19:17,573 [Worker-14] INFO  o.e.m.c.i.embedder.EclipseLogger - skip non existing resourceDirectory C:\Users\niels\Desktop\ipass_heroku\schoonmaakapp\src\main\resources
2017-07-20 11:19:17,575 [Worker-14] INFO  o.e.m.c.i.embedder.EclipseLogger - Using 'UTF-8' encoding to copy filtered resources.
2017-07-20 11:19:17,580 [Worker-14] INFO  o.e.m.c.i.embedder.EclipseLogger - skip non existing resourceDirectory C:\Users\niels\Desktop\ipass_heroku\schoonmaakapp\src\test\resources
2017-07-20 11:19:40,178 [Worker-11] INFO  o.e.m.c.i.embedder.EclipseLogger - Using 'UTF-8' encoding to copy filtered resources.
2017-07-20 11:19:40,183 [Worker-11] INFO  o.e.m.c.i.embedder.EclipseLogger - skip non existing resourceDirectory C:\Users\niels\Desktop\ipass_heroku\schoonmaakapp\src\main\resources
2017-07-20 11:19:40,188 [Worker-11] INFO  o.e.m.c.i.embedder.EclipseLogger - Using 'UTF-8' encoding to copy filtered resources.
2017-07-20 11:19:40,193 [Worker-11] INFO  o.e.m.c.i.embedder.EclipseLogger - skip non existing resourceDirectory C:\Users\niels\Desktop\ipass_heroku\schoonmaakapp\src\test\resources
2017-07-20 11:19:49,086 [Worker-23] INFO  o.e.m.c.i.embedder.EclipseLogger - Using 'UTF-8' encoding to copy filtered resources.
2017-07-20 11:19:49,086 [Worker-23] INFO  o.e.m.c.i.embedder.EclipseLogger - skip non existing resourceDirectory C:\Users\niels\Desktop\ipass_heroku\schoonmaakapp\src\main\resources
2017-07-20 11:19:49,088 [Worker-23] INFO  o.e.m.c.i.embedder.EclipseLogger - Using 'UTF-8' encoding to copy filtered resources.
2017-07-20 11:19:49,092 [Worker-23] INFO  o.e.m.c.i.embedder.EclipseLogger - skip non existing resourceDirectory C:\Users\niels\Desktop\ipass_heroku\schoonmaakapp\src\test\resources
2017-07-20 11:20:29,156 [Worker-17] INFO  o.e.m.c.i.embedder.EclipseLogger - Using 'UTF-8' encoding to copy filtered resources.
2017-07-20 11:20:29,163 [Worker-17] INFO  o.e.m.c.i.embedder.EclipseLogger - skip non existing resourceDirectory C:\Users\niels\Desktop\ipass_heroku\schoonmaakapp\src\main\resources
2017-07-20 11:20:29,170 [Worker-17] INFO  o.e.m.c.i.embedder.EclipseLogger - Using 'UTF-8' encoding to copy filtered resources.
2017-07-20 11:20:29,175 [Worker-17] INFO  o.e.m.c.i.embedder.EclipseLogger - skip non existing resourceDirectory C:\Users\niels\Desktop\ipass_heroku\schoonmaakapp\src\test\resources
2017-07-20 11:20:35,857 [Worker-14] INFO  o.e.m.c.i.embedder.EclipseLogger - Using 'UTF-8' encoding to copy filtered resources.
2017-07-20 11:20:35,857 [Worker-14] INFO  o.e.m.c.i.embedder.EclipseLogger - skip non existing resourceDirectory C:\Users\niels\Desktop\ipass_heroku\schoonmaakapp\src\main\resources
2017-07-20 11:20:35,860 [Worker-14] INFO  o.e.m.c.i.embedder.EclipseLogger - Using 'UTF-8' encoding to copy filtered resources.
2017-07-20 11:20:35,864 [Worker-14] INFO  o.e.m.c.i.embedder.EclipseLogger - skip non existing resourceDirectory C:\Users\niels\Desktop\ipass_heroku\schoonmaakapp\src\test\resources
2017-07-20 11:20:41,151 [Worker-11] INFO  o.e.m.c.i.embedder.EclipseLogger - Using 'UTF-8' encoding to copy filtered resources.
2017-07-20 11:20:41,157 [Worker-11] INFO  o.e.m.c.i.embedder.EclipseLogger - skip non existing resourceDirectory C:\Users\niels\Desktop\ipass_heroku\schoonmaakapp\src\main\resources
2017-07-20 11:20:41,164 [Worker-11] INFO  o.e.m.c.i.embedder.EclipseLogger - Using 'UTF-8' encoding to copy filtered resources.
2017-07-20 11:20:41,169 [Worker-11] INFO  o.e.m.c.i.embedder.EclipseLogger - skip non existing resourceDirectory C:\Users\niels\Desktop\ipass_heroku\schoonmaakapp\src\test\resources
2017-07-20 11:20:57,254 [Worker-25] INFO  o.e.m.c.i.embedder.EclipseLogger - Using 'UTF-8' encoding to copy filtered resources.
2017-07-20 11:20:57,254 [Worker-25] INFO  o.e.m.c.i.embedder.EclipseLogger - skip non existing resourceDirectory C:\Users\niels\Desktop\ipass_heroku\schoonmaakapp\src\main\resources
2017-07-20 11:20:57,255 [Worker-25] INFO  o.e.m.c.i.embedder.EclipseLogger - Using 'UTF-8' encoding to copy filtered resources.
2017-07-20 11:20:57,259 [Worker-25] INFO  o.e.m.c.i.embedder.EclipseLogger - skip non existing resourceDirectory C:\Users\niels\Desktop\ipass_heroku\schoonmaakapp\src\test\resources
2017-07-20 11:21:03,259 [Worker-21] INFO  o.e.m.c.i.embedder.EclipseLogger - Using 'UTF-8' encoding to copy filtered resources.
2017-07-20 11:21:03,265 [Worker-21] INFO  o.e.m.c.i.embedder.EclipseLogger - skip non existing resourceDirectory C:\Users\niels\Desktop\ipass_heroku\schoonmaakapp\src\main\resources
2017-07-20 11:21:03,271 [Worker-21] INFO  o.e.m.c.i.embedder.EclipseLogger - Using 'UTF-8' encoding to copy filtered resources.
2017-07-20 11:21:03,275 [Worker-21] INFO  o.e.m.c.i.embedder.EclipseLogger - skip non existing resourceDirectory C:\Users\niels\Desktop\ipass_heroku\schoonmaakapp\src\test\resources
2017-07-20 11:21:08,335 [Worker-1] INFO  o.e.m.c.i.embedder.EclipseLogger - Using 'UTF-8' encoding to copy filtered resources.
2017-07-20 11:21:08,336 [Worker-1] INFO  o.e.m.c.i.embedder.EclipseLogger - skip non existing resourceDirectory C:\Users\niels\Desktop\ipass_heroku\schoonmaakapp\src\main\resources
2017-07-20 11:21:08,338 [Worker-1] INFO  o.e.m.c.i.embedder.EclipseLogger - Using 'UTF-8' encoding to copy filtered resources.
2017-07-20 11:21:08,345 [Worker-1] INFO  o.e.m.c.i.embedder.EclipseLogger - skip non existing resourceDirectory C:\Users\niels\Desktop\ipass_heroku\schoonmaakapp\src\test\resources
2017-07-20 11:21:12,762 [Worker-14] INFO  o.e.m.c.i.embedder.EclipseLogger - Using 'UTF-8' encoding to copy filtered resources.
2017-07-20 11:21:12,772 [Worker-14] INFO  o.e.m.c.i.embedder.EclipseLogger - skip non existing resourceDirectory C:\Users\niels\Desktop\ipass_heroku\schoonmaakapp\src\main\resources
2017-07-20 11:21:12,779 [Worker-14] INFO  o.e.m.c.i.embedder.EclipseLogger - Using 'UTF-8' encoding to copy filtered resources.
2017-07-20 11:21:12,788 [Worker-14] INFO  o.e.m.c.i.embedder.EclipseLogger - skip non existing resourceDirectory C:\Users\niels\Desktop\ipass_heroku\schoonmaakapp\src\test\resources
2017-07-20 11:21:19,391 [Worker-22] INFO  o.e.m.c.i.embedder.EclipseLogger - Using 'UTF-8' encoding to copy filtered resources.
2017-07-20 11:21:19,392 [Worker-22] INFO  o.e.m.c.i.embedder.EclipseLogger - skip non existing resourceDirectory C:\Users\niels\Desktop\ipass_heroku\schoonmaakapp\src\main\resources
2017-07-20 11:21:19,393 [Worker-22] INFO  o.e.m.c.i.embedder.EclipseLogger - Using 'UTF-8' encoding to copy filtered resources.
2017-07-20 11:21:19,399 [Worker-22] INFO  o.e.m.c.i.embedder.EclipseLogger - skip non existing resourceDirectory C:\Users\niels\Desktop\ipass_heroku\schoonmaakapp\src\test\resources
2017-07-20 11:21:24,327 [Worker-24] INFO  o.e.m.c.i.embedder.EclipseLogger - Using 'UTF-8' encoding to copy filtered resources.
2017-07-20 11:21:24,334 [Worker-24] INFO  o.e.m.c.i.embedder.EclipseLogger - skip non existing resourceDirectory C:\Users\niels\Desktop\ipass_heroku\schoonmaakapp\src\main\resources
2017-07-20 11:21:24,340 [Worker-24] INFO  o.e.m.c.i.embedder.EclipseLogger - Using 'UTF-8' encoding to copy filtered resources.
2017-07-20 11:21:24,344 [Worker-24] INFO  o.e.m.c.i.embedder.EclipseLogger - skip non existing resourceDirectory C:\Users\niels\Desktop\ipass_heroku\schoonmaakapp\src\test\resources
2017-07-20 11:21:28,822 [Worker-21] INFO  o.e.m.c.i.embedder.EclipseLogger - Using 'UTF-8' encoding to copy filtered resources.
2017-07-20 11:21:28,822 [Worker-21] INFO  o.e.m.c.i.embedder.EclipseLogger - skip non existing resourceDirectory C:\Users\niels\Desktop\ipass_heroku\schoonmaakapp\src\main\resources
2017-07-20 11:21:28,825 [Worker-21] INFO  o.e.m.c.i.embedder.EclipseLogger - Using 'UTF-8' encoding to copy filtered resources.
2017-07-20 11:21:28,829 [Worker-21] INFO  o.e.m.c.i.embedder.EclipseLogger - skip non existing resourceDirectory C:\Users\niels\Desktop\ipass_heroku\schoonmaakapp\src\test\resources
2017-07-20 11:22:15,796 [Worker-11] INFO  o.e.m.c.i.embedder.EclipseLogger - Using 'UTF-8' encoding to copy filtered resources.
2017-07-20 11:22:15,801 [Worker-11] INFO  o.e.m.c.i.embedder.EclipseLogger - skip non existing resourceDirectory C:\Users\niels\Desktop\ipass_heroku\schoonmaakapp\src\main\resources
2017-07-20 11:22:15,807 [Worker-11] INFO  o.e.m.c.i.embedder.EclipseLogger - Using 'UTF-8' encoding to copy filtered resources.
2017-07-20 11:22:15,811 [Worker-11] INFO  o.e.m.c.i.embedder.EclipseLogger - skip non existing resourceDirectory C:\Users\niels\Desktop\ipass_heroku\schoonmaakapp\src\test\resources
2017-07-20 11:22:24,505 [Worker-11] INFO  o.e.m.c.i.embedder.EclipseLogger - Using 'UTF-8' encoding to copy filtered resources.
2017-07-20 11:22:24,505 [Worker-11] INFO  o.e.m.c.i.embedder.EclipseLogger - skip non existing resourceDirectory C:\Users\niels\Desktop\ipass_heroku\schoonmaakapp\src\main\resources
2017-07-20 11:22:24,507 [Worker-11] INFO  o.e.m.c.i.embedder.EclipseLogger - Using 'UTF-8' encoding to copy filtered resources.
2017-07-20 11:22:24,516 [Worker-11] INFO  o.e.m.c.i.embedder.EclipseLogger - skip non existing resourceDirectory C:\Users\niels\Desktop\ipass_heroku\schoonmaakapp\src\test\resources
2017-07-20 11:22:33,122 [Worker-11] INFO  o.e.m.c.i.embedder.EclipseLogger - Using 'UTF-8' encoding to copy filtered resources.
2017-07-20 11:22:33,131 [Worker-11] INFO  o.e.m.c.i.embedder.EclipseLogger - skip non existing resourceDirectory C:\Users\niels\Desktop\ipass_heroku\schoonmaakapp\src\main\resources
2017-07-20 11:22:33,142 [Worker-11] INFO  o.e.m.c.i.embedder.EclipseLogger - Using 'UTF-8' encoding to copy filtered resources.
2017-07-20 11:22:33,151 [Worker-11] INFO  o.e.m.c.i.embedder.EclipseLogger - skip non existing resourceDirectory C:\Users\niels\Desktop\ipass_heroku\schoonmaakapp\src\test\resources
2017-07-20 11:22:38,412 [Worker-24] INFO  o.e.m.c.i.embedder.EclipseLogger - Using 'UTF-8' encoding to copy filtered resources.
2017-07-20 11:22:38,412 [Worker-24] INFO  o.e.m.c.i.embedder.EclipseLogger - skip non existing resourceDirectory C:\Users\niels\Desktop\ipass_heroku\schoonmaakapp\src\main\resources
2017-07-20 11:22:38,413 [Worker-24] INFO  o.e.m.c.i.embedder.EclipseLogger - Using 'UTF-8' encoding to copy filtered resources.
2017-07-20 11:22:38,418 [Worker-24] INFO  o.e.m.c.i.embedder.EclipseLogger - skip non existing resourceDirectory C:\Users\niels\Desktop\ipass_heroku\schoonmaakapp\src\test\resources
2017-07-20 11:22:45,587 [Worker-1] INFO  o.e.m.c.i.embedder.EclipseLogger - Using 'UTF-8' encoding to copy filtered resources.
2017-07-20 11:22:45,597 [Worker-1] INFO  o.e.m.c.i.embedder.EclipseLogger - skip non existing resourceDirectory C:\Users\niels\Desktop\ipass_heroku\schoonmaakapp\src\main\resources
2017-07-20 11:22:45,605 [Worker-1] INFO  o.e.m.c.i.embedder.EclipseLogger - Using 'UTF-8' encoding to copy filtered resources.
2017-07-20 11:22:45,611 [Worker-1] INFO  o.e.m.c.i.embedder.EclipseLogger - skip non existing resourceDirectory C:\Users\niels\Desktop\ipass_heroku\schoonmaakapp\src\test\resources
2017-07-20 11:23:17,525 [Worker-21] INFO  o.e.m.c.i.embedder.EclipseLogger - Using 'UTF-8' encoding to copy filtered resources.
2017-07-20 11:23:17,526 [Worker-21] INFO  o.e.m.c.i.embedder.EclipseLogger - skip non existing resourceDirectory C:\Users\niels\Desktop\ipass_heroku\schoonmaakapp\src\main\resources
2017-07-20 11:23:17,527 [Worker-21] INFO  o.e.m.c.i.embedder.EclipseLogger - Using 'UTF-8' encoding to copy filtered resources.
2017-07-20 11:23:17,532 [Worker-21] INFO  o.e.m.c.i.embedder.EclipseLogger - skip non existing resourceDirectory C:\Users\niels\Desktop\ipass_heroku\schoonmaakapp\src\test\resources
2017-07-20 11:23:28,279 [Worker-21] INFO  o.e.m.c.i.embedder.EclipseLogger - Using 'UTF-8' encoding to copy filtered resources.
2017-07-20 11:23:28,284 [Worker-21] INFO  o.e.m.c.i.embedder.EclipseLogger - skip non existing resourceDirectory C:\Users\niels\Desktop\ipass_heroku\schoonmaakapp\src\main\resources
2017-07-20 11:23:28,291 [Worker-21] INFO  o.e.m.c.i.embedder.EclipseLogger - Using 'UTF-8' encoding to copy filtered resources.
2017-07-20 11:23:28,296 [Worker-21] INFO  o.e.m.c.i.embedder.EclipseLogger - skip non existing resourceDirectory C:\Users\niels\Desktop\ipass_heroku\schoonmaakapp\src\test\resources
2017-07-20 11:24:21,441 [Worker-23] INFO  o.e.m.c.i.l.LifecycleMappingFactory - Using org.maven.ide.eclipse.wtp.WarLifecycleMapping lifecycle mapping for MavenProject: nl.hu.ipass:schoonmaakapp:0.0.1-SNAPSHOT @ C:\Users\niels\Desktop\ipass_heroku\schoonmaakapp\pom.xml.
2017-07-20 11:24:22,525 [Worker-23] INFO  o.e.m.c.i.embedder.EclipseLogger - Using 'UTF-8' encoding to copy filtered resources.
2017-07-20 11:24:22,525 [Worker-23] INFO  o.e.m.c.i.embedder.EclipseLogger - skip non existing resourceDirectory C:\Users\niels\Desktop\ipass_heroku\schoonmaakapp\src\main\resources
2017-07-20 11:24:22,534 [Worker-23] INFO  o.e.m.c.i.embedder.EclipseLogger - Using 'UTF-8' encoding to copy filtered resources.
2017-07-20 11:24:22,541 [Worker-23] INFO  o.e.m.c.i.embedder.EclipseLogger - skip non existing resourceDirectory C:\Users\niels\Desktop\ipass_heroku\schoonmaakapp\src\test\resources
2017-07-20 11:24:22,620 [Worker-23] INFO  o.e.m.w.i.f.ResourceFilteringBuildParticipant - Changed resources require a complete clean of filtered resources of schoonmaakapp
2017-07-20 11:24:22,621 [Worker-23] INFO  o.e.m.w.i.f.ResourceFilteringBuildParticipant - Executing resource filtering for schoonmaakapp
2017-07-20 11:24:22,650 [Worker-23] INFO  o.e.m.c.i.embedder.EclipseLogger - Using 'UTF-8' encoding to copy filtered resources.
2017-07-20 11:24:24,082 [Worker-24] INFO  o.e.m.c.i.embedder.EclipseLogger - Using 'UTF-8' encoding to copy filtered resources.
2017-07-20 11:24:24,082 [Worker-24] INFO  o.e.m.c.i.embedder.EclipseLogger - skip non existing resourceDirectory C:\Users\niels\Desktop\ipass_heroku\schoonmaakapp\src\main\resources
2017-07-20 11:24:24,084 [Worker-24] INFO  o.e.m.c.i.embedder.EclipseLogger - Using 'UTF-8' encoding to copy filtered resources.
2017-07-20 11:24:24,084 [Worker-24] INFO  o.e.m.c.i.embedder.EclipseLogger - skip non existing resourceDirectory C:\Users\niels\Desktop\ipass_heroku\schoonmaakapp\src\test\resources
2017-07-20 11:24:32,261 [Worker-23] INFO  o.e.m.c.i.embedder.EclipseLogger - Using 'UTF-8' encoding to copy filtered resources.
2017-07-20 11:24:32,262 [Worker-23] INFO  o.e.m.c.i.embedder.EclipseLogger - skip non existing resourceDirectory C:\Users\niels\Desktop\ipass_heroku\schoonmaakapp\src\main\resources
2017-07-20 11:24:32,262 [Worker-23] INFO  o.e.m.c.i.embedder.EclipseLogger - Using 'UTF-8' encoding to copy filtered resources.
2017-07-20 11:24:32,267 [Worker-23] INFO  o.e.m.c.i.embedder.EclipseLogger - skip non existing resourceDirectory C:\Users\niels\Desktop\ipass_heroku\schoonmaakapp\src\test\resources
2017-07-20 11:29:42,047 [Worker-27] INFO  o.e.m.c.i.embedder.EclipseLogger - Using 'UTF-8' encoding to copy filtered resources.
2017-07-20 11:29:42,052 [Worker-27] INFO  o.e.m.c.i.embedder.EclipseLogger - skip non existing resourceDirectory C:\Users\niels\Desktop\ipass_heroku\schoonmaakapp\src\main\resources
2017-07-20 11:29:42,057 [Worker-27] INFO  o.e.m.c.i.embedder.EclipseLogger - Using 'UTF-8' encoding to copy filtered resources.
2017-07-20 11:29:42,061 [Worker-27] INFO  o.e.m.c.i.embedder.EclipseLogger - skip non existing resourceDirectory C:\Users\niels\Desktop\ipass_heroku\schoonmaakapp\src\test\resources
2017-07-20 11:29:44,423 [Worker-29] INFO  o.e.m.c.i.embedder.EclipseLogger - Using 'UTF-8' encoding to copy filtered resources.
2017-07-20 11:29:44,423 [Worker-29] INFO  o.e.m.c.i.embedder.EclipseLogger - skip non existing resourceDirectory C:\Users\niels\Desktop\ipass_heroku\schoonmaakapp\src\main\resources
2017-07-20 11:29:44,424 [Worker-29] INFO  o.e.m.c.i.embedder.EclipseLogger - Using 'UTF-8' encoding to copy filtered resources.
2017-07-20 11:29:44,429 [Worker-29] INFO  o.e.m.c.i.embedder.EclipseLogger - skip non existing resourceDirectory C:\Users\niels\Desktop\ipass_heroku\schoonmaakapp\src\test\resources
2017-07-20 11:30:51,078 [Worker-27] INFO  o.e.m.c.i.p.ProjectConfigurationManager - Update started
2017-07-20 11:30:51,535 [Worker-27] INFO  o.e.m.c.i.l.LifecycleMappingFactory - Using org.maven.ide.eclipse.wtp.WarLifecycleMapping lifecycle mapping for MavenProject: nl.hu.ipass:schoonmaakapp:0.0.1-SNAPSHOT @ C:\Users\niels\Desktop\ipass_heroku\schoonmaakapp\pom.xml.
2017-07-20 11:30:52,146 [Worker-27] INFO  o.e.m.j.i.AbstractJavaProjectConfigurator - Adding source folder /schoonmaakapp/src/main/java
2017-07-20 11:30:52,151 [Worker-27] INFO  o.e.m.j.i.AbstractJavaProjectConfigurator - Adding source folder /schoonmaakapp/src/test/java
2017-07-20 11:30:53,612 [Worker-27] INFO  o.e.m.w.i.f.ResourceFilteringBuildParticipant - Cleaning filtered folder for schoonmaakapp
2017-07-20 11:30:53,785 [Worker-27] INFO  o.e.m.c.i.p.ProjectConfigurationManager - Update completed: 2 sec
2017-07-20 11:30:54,486 [Worker-34] INFO  o.e.m.c.i.embedder.EclipseLogger - Using 'UTF-8' encoding to copy filtered resources.
2017-07-20 11:30:54,493 [Worker-34] INFO  o.e.m.c.i.embedder.EclipseLogger - skip non existing resourceDirectory C:\Users\niels\Desktop\ipass_heroku\schoonmaakapp\src\main\resources
2017-07-20 11:30:54,503 [Worker-34] INFO  o.e.m.c.i.embedder.EclipseLogger - Using 'UTF-8' encoding to copy filtered resources.
2017-07-20 11:30:54,510 [Worker-34] INFO  o.e.m.c.i.embedder.EclipseLogger - skip non existing resourceDirectory C:\Users\niels\Desktop\ipass_heroku\schoonmaakapp\src\test\resources
2017-07-20 11:30:54,510 [Worker-34] INFO  o.e.m.w.i.f.ResourceFilteringBuildParticipant - Changed resources require a complete clean of filtered resources of schoonmaakapp
2017-07-20 11:30:54,517 [Worker-34] INFO  o.e.m.w.i.f.ResourceFilteringBuildParticipant - Executing resource filtering for schoonmaakapp
2017-07-20 11:30:54,529 [Worker-34] INFO  o.e.m.c.i.embedder.EclipseLogger - Using 'UTF-8' encoding to copy filtered resources.
